[2018-05-01T15:34:40.626] [ERROR] secondhandmall - existUser in user Controller error: ReferenceError: username is not defined
[2018-05-01T16:34:44.193] [ERROR] secondhandmall - addUser in user Controller error: TypeError: Data must be a string or a buffer
[2018-05-01T16:35:12.384] [ERROR] secondhandmall - addUser in user Controller error: TypeError: Data must be a string or a buffer
[2018-05-01T16:37:16.858] [ERROR] secondhandmall - addUser in user Controller error: TypeError: Data must be a string or a buffer
[2018-05-01T16:38:01.443] [ERROR] secondhandmall - addUser in user Controller error: TypeError: Data must be a string or a buffer
[2018-05-06T12:51:54.621] [ERROR] secondhandmall - upload in productController error: TypeError: Cannot read property 'path' of undefined
[2018-05-06T12:52:04.330] [ERROR] secondhandmall - upload in productController error: TypeError: Cannot read property 'path' of undefined
[2018-05-07T11:56:47.224] [ERROR] secondhandmall - upload in productController error: TypeError: Cannot read property 'path' of undefined
[2018-05-07T11:59:31.584] [ERROR] secondhandmall - upload in productController error: TypeError: Cannot read property 'path' of undefined
[2018-05-07T15:20:41.809] [ERROR] secondhandmall - addProduct in productMongo error: ReferenceError: product is not defined
[2018-05-07T15:20:41.812] [ERROR] secondhandmall - addProduct in productService error:ReferenceError: product is not defined
[2018-05-07T15:20:41.812] [ERROR] secondhandmall - addProduct in productController error: ReferenceError: product is not defined
[2018-05-07T17:54:26.288] [ERROR] secondhandmall - upload in productController error: TypeError: Cannot read property 'logo' of undefined
[2018-05-07T17:57:07.650] [ERROR] secondhandmall - upload in productController error: TypeError: Cannot read property 'logo' of undefined
[2018-05-07T18:01:35.079] [ERROR] secondhandmall - upload in productController error: ReferenceError: files is not defined
[2018-05-07T18:08:02.929] [ERROR] secondhandmall - upload in productController error: ReferenceError: files is not defined
[2018-05-07T18:08:53.601] [ERROR] secondhandmall - upload in productController error: ReferenceError: files is not defined
[2018-05-07T18:11:01.315] [ERROR] secondhandmall - upload in productController error: ReferenceError: files is not defined
[2018-05-07T18:13:02.328] [ERROR] secondhandmall - upload in productController error: ReferenceError: files is not defined
[2018-05-10T17:25:49.856] [ERROR] secondhandmall - login in userService error: ReferenceError: crypto is not defined
[2018-05-11T15:13:45.338] [ERROR] secondhandmall - getUserByUsername in userEs error: Error: No Living connections
[2018-05-11T15:13:45.340] [ERROR] secondhandmall - getUserByUsername in userService error: Error: No Living connections
[2018-05-11T15:13:45.348] [ERROR] secondhandmall - getUserByUsername in userEs error: Error: No Living connections
[2018-05-11T15:13:45.348] [ERROR] secondhandmall - getUserByUsername in userService error: Error: No Living connections
[2018-05-11T15:15:45.331] [ERROR] secondhandmall - getUserByUsername in userEs error: Error: No Living connections
[2018-05-11T15:15:45.331] [ERROR] secondhandmall - getUserByUsername in userService error: Error: No Living connections
[2018-05-11T15:16:52.883] [ERROR] secondhandmall - getUserByUsername in userEs error: Error: No Living connections
[2018-05-11T15:16:52.883] [ERROR] secondhandmall - getUserByUsername in userService error: Error: No Living connections
[2018-05-11T15:16:52.890] [ERROR] secondhandmall - getUserByUsername in userEs error: Error: No Living connections
[2018-05-11T15:16:52.890] [ERROR] secondhandmall - getUserByUsername in userService error: Error: No Living connections
[2018-05-11T15:18:52.891] [ERROR] secondhandmall - getUserByUsername in userEs error: Error: No Living connections
[2018-05-11T15:18:52.891] [ERROR] secondhandmall - getUserByUsername in userService error: Error: No Living connections
[2018-05-11T15:23:09.206] [ERROR] secondhandmall - getUserByUsername in userEs error: Error: No Living connections
[2018-05-11T15:23:09.206] [ERROR] secondhandmall - getUserByUsername in userService error: Error: No Living connections
[2018-05-11T15:23:09.213] [ERROR] secondhandmall - getUserByUsername in userEs error: Error: No Living connections
[2018-05-11T15:23:09.213] [ERROR] secondhandmall - getUserByUsername in userService error: Error: No Living connections
[2018-05-11T15:23:14.962] [ERROR] secondhandmall - getUserByUsername in userEs error: Error: No Living connections
[2018-05-11T15:23:14.962] [ERROR] secondhandmall - getUserByUsername in userService error: Error: No Living connections
[2018-05-11T15:23:14.971] [ERROR] secondhandmall - getUserByUsername in userEs error: Error: No Living connections
[2018-05-11T15:23:14.971] [ERROR] secondhandmall - getUserByUsername in userService error: Error: No Living connections
[2018-05-11T15:25:14.968] [ERROR] secondhandmall - getUserByUsername in userEs error: Error: No Living connections
[2018-05-11T15:25:14.968] [ERROR] secondhandmall - getUserByUsername in userService error: Error: No Living connections
[2018-05-11T23:03:15.276] [ERROR] secondhandmall - addProduct in productController error: TypeError: Cannot read property 'username' of undefined
[2018-06-09T14:23:43.887] [ERROR] secondhandmall - indexProduct error in productEs: Error: No Living connections
[2018-06-09T14:23:43.889] [ERROR] secondhandmall - getIndexProduct error in productService error: Error: No Living connections
[2018-06-09T14:23:43.889] [ERROR] secondhandmall - getIndexProduct error in productController: Error: No Living connections
[2018-06-09T14:24:21.237] [ERROR] secondhandmall - indexProduct error in productEs: Error: No Living connections
[2018-06-09T14:24:21.237] [ERROR] secondhandmall - getIndexProduct error in productService error: Error: No Living connections
[2018-06-09T14:24:21.237] [ERROR] secondhandmall - getIndexProduct error in productController: Error: No Living connections
[2018-06-09T14:24:24.560] [ERROR] secondhandmall - login in userEs error: Error: No Living connections
[2018-06-09T14:24:24.561] [ERROR] secondhandmall - login in userService error: Error: No Living connections
[2018-06-09T14:24:26.987] [ERROR] secondhandmall - login in userEs error: Error: No Living connections
[2018-06-09T14:24:26.987] [ERROR] secondhandmall - login in userService error: Error: No Living connections
[2018-06-09T14:26:24.551] [ERROR] secondhandmall - login in userEs error: Error: No Living connections
[2018-06-09T14:26:24.552] [ERROR] secondhandmall - login in userService error: Error: No Living connections
[2018-06-09T14:26:26.997] [ERROR] secondhandmall - login in userEs error: Error: No Living connections
[2018-06-09T14:26:26.997] [ERROR] secondhandmall - login in userService error: Error: No Living connections
[2018-06-09T14:27:40.852] [ERROR] secondhandmall - indexProduct error in productEs: Error: No Living connections
[2018-06-09T14:27:40.852] [ERROR] secondhandmall - getIndexProduct error in productService error: Error: No Living connections
[2018-06-09T14:27:40.852] [ERROR] secondhandmall - getIndexProduct error in productController: Error: No Living connections
[2018-06-09T14:38:58.713] [ERROR] secondhandmall - login in userEs error: Error: No Living connections
[2018-06-09T14:38:58.713] [ERROR] secondhandmall - login in userService error: Error: No Living connections
[2018-06-09T14:38:59.825] [ERROR] secondhandmall - login in userEs error: Error: No Living connections
[2018-06-09T14:38:59.825] [ERROR] secondhandmall - login in userService error: Error: No Living connections
[2018-06-09T14:39:04.679] [ERROR] secondhandmall - login in userEs error: Error: No Living connections
[2018-06-09T14:39:04.679] [ERROR] secondhandmall - login in userService error: Error: No Living connections
[2018-06-09T14:39:37.102] [ERROR] secondhandmall - login in userEs error: Error: No Living connections
[2018-06-09T14:39:37.102] [ERROR] secondhandmall - login in userService error: Error: No Living connections
[2018-06-09T14:39:41.735] [ERROR] secondhandmall - login in userEs error: Error: No Living connections
[2018-06-09T14:39:41.735] [ERROR] secondhandmall - login in userService error: Error: No Living connections
[2018-06-09T14:43:35.967] [ERROR] secondhandmall - indexProduct error in productEs: Error: No Living connections
[2018-06-09T14:43:35.969] [ERROR] secondhandmall - getIndexProduct error in productService error: Error: No Living connections
[2018-06-09T14:43:35.969] [ERROR] secondhandmall - getIndexProduct error in productController: Error: No Living connections
[2018-06-09T14:43:52.870] [ERROR] secondhandmall - indexProduct error in productEs: Error: No Living connections
[2018-06-09T14:43:52.870] [ERROR] secondhandmall - getIndexProduct error in productService error: Error: No Living connections
[2018-06-09T14:43:52.870] [ERROR] secondhandmall - getIndexProduct error in productController: Error: No Living connections
[2018-06-09T14:46:10.011] [ERROR] secondhandmall - indexProduct error in productEs: Error: No Living connections
[2018-06-09T14:46:10.012] [ERROR] secondhandmall - getIndexProduct error in productService error: Error: No Living connections
[2018-06-09T14:46:10.012] [ERROR] secondhandmall - getIndexProduct error in productController: Error: No Living connections
[2018-06-09T14:56:33.502] [ERROR] secondhandmall - indexProduct error in productEs: Error: No Living connections
[2018-06-09T14:56:33.503] [ERROR] secondhandmall - getIndexProduct error in productService error: Error: No Living connections
[2018-06-09T14:56:33.503] [ERROR] secondhandmall - getIndexProduct error in productController: Error: No Living connections
[2018-06-09T14:59:28.757] [ERROR] secondhandmall - indexProduct error in productEs: Error: No Living connections
[2018-06-09T14:59:28.757] [ERROR] secondhandmall - getIndexProduct error in productService error: Error: No Living connections
[2018-06-09T14:59:28.757] [ERROR] secondhandmall - getIndexProduct error in productController: Error: No Living connections
[2018-06-09T14:59:44.079] [ERROR] secondhandmall - indexProduct error in productEs: Error: No Living connections
[2018-06-09T14:59:44.079] [ERROR] secondhandmall - getIndexProduct error in productService error: Error: No Living connections
[2018-06-09T14:59:44.079] [ERROR] secondhandmall - getIndexProduct error in productController: Error: No Living connections
[2018-06-09T15:01:13.359] [ERROR] secondhandmall - indexProduct error in productEs: Error: No Living connections
[2018-06-09T15:01:13.360] [ERROR] secondhandmall - getIndexProduct error in productService error: Error: No Living connections
[2018-06-09T15:01:13.360] [ERROR] secondhandmall - getIndexProduct error in productController: Error: No Living connections
[2018-06-09T15:07:49.834] [ERROR] secondhandmall - indexProduct error in productEs: Error: No Living connections
[2018-06-09T15:07:49.834] [ERROR] secondhandmall - getIndexProduct error in productService error: Error: No Living connections
[2018-06-09T15:07:49.834] [ERROR] secondhandmall - getIndexProduct error in productController: Error: No Living connections
[2018-06-09T15:08:10.356] [ERROR] secondhandmall - indexProduct error in productEs: Error: No Living connections
[2018-06-09T15:08:10.356] [ERROR] secondhandmall - getIndexProduct error in productService error: Error: No Living connections
[2018-06-09T15:08:10.356] [ERROR] secondhandmall - getIndexProduct error in productController: Error: No Living connections
[2018-06-09T15:13:19.412] [ERROR] secondhandmall - indexProduct error in productEs: Error: No Living connections
[2018-06-09T15:13:19.413] [ERROR] secondhandmall - getIndexProduct error in productService error: Error: No Living connections
[2018-06-09T15:13:19.413] [ERROR] secondhandmall - getIndexProduct error in productController: Error: No Living connections
[2018-06-09T15:13:40.480] [ERROR] secondhandmall - indexProduct error in productEs: Error: No Living connections
[2018-06-09T15:13:40.480] [ERROR] secondhandmall - getIndexProduct error in productService error: Error: No Living connections
[2018-06-09T15:13:40.480] [ERROR] secondhandmall - getIndexProduct error in productController: Error: No Living connections
[2018-06-09T15:13:57.590] [ERROR] secondhandmall - indexProduct error in productEs: Error: No Living connections
[2018-06-09T15:13:57.591] [ERROR] secondhandmall - getIndexProduct error in productService error: Error: No Living connections
[2018-06-09T15:13:57.591] [ERROR] secondhandmall - getIndexProduct error in productController: Error: No Living connections
[2018-06-09T15:29:47.241] [ERROR] secondhandmall - indexProduct error in productEs: Error: No Living connections
[2018-06-09T15:29:47.241] [ERROR] secondhandmall - getIndexProduct error in productService error: Error: No Living connections
[2018-06-09T15:29:47.241] [ERROR] secondhandmall - getIndexProduct error in productController: Error: No Living connections
[2018-06-09T15:30:43.982] [ERROR] secondhandmall - indexProduct error in productEs: Error: No Living connections
[2018-06-09T15:30:43.983] [ERROR] secondhandmall - getIndexProduct error in productService error: Error: No Living connections
[2018-06-09T15:30:43.983] [ERROR] secondhandmall - getIndexProduct error in productController: Error: No Living connections
[2018-06-09T15:38:57.756] [ERROR] secondhandmall - indexProduct error in productEs: Error: No Living connections
[2018-06-09T15:38:57.757] [ERROR] secondhandmall - getIndexProduct error in productService error: Error: No Living connections
[2018-06-09T15:38:57.757] [ERROR] secondhandmall - getIndexProduct error in productController: Error: No Living connections
[2018-06-09T15:40:37.741] [ERROR] secondhandmall - indexProduct error in productEs: Error: No Living connections
[2018-06-09T15:40:37.741] [ERROR] secondhandmall - getIndexProduct error in productService error: Error: No Living connections
[2018-06-09T15:40:37.742] [ERROR] secondhandmall - getIndexProduct error in productController: Error: No Living connections
[2018-06-09T15:59:57.142] [ERROR] secondhandmall - indexProduct error in productEs: Error: No Living connections
[2018-06-09T15:59:57.143] [ERROR] secondhandmall - getIndexProduct error in productService error: Error: No Living connections
[2018-06-09T15:59:57.143] [ERROR] secondhandmall - getIndexProduct error in productController: Error: No Living connections
[2018-06-09T16:24:05.317] [ERROR] secondhandmall - indexProduct error in productEs: Error: No Living connections
[2018-06-09T16:24:05.318] [ERROR] secondhandmall - getIndexProduct error in productService error: Error: No Living connections
[2018-06-09T16:24:05.318] [ERROR] secondhandmall - getIndexProduct error in productController: Error: No Living connections
[2018-06-09T16:35:58.882] [ERROR] secondhandmall - indexProduct error in productEs: Error: No Living connections
[2018-06-09T16:35:58.882] [ERROR] secondhandmall - getIndexProduct error in productService error: Error: No Living connections
[2018-06-09T16:35:58.882] [ERROR] secondhandmall - getIndexProduct error in productController: Error: No Living connections
[2018-06-09T16:39:45.793] [ERROR] secondhandmall - indexProduct error in productEs: Error: No Living connections
[2018-06-09T16:39:45.793] [ERROR] secondhandmall - getIndexProduct error in productService error: Error: No Living connections
[2018-06-09T16:39:45.793] [ERROR] secondhandmall - getIndexProduct error in productController: Error: No Living connections
[2018-06-09T16:43:35.090] [ERROR] secondhandmall - indexProduct error in productEs: Error: No Living connections
[2018-06-09T16:43:35.091] [ERROR] secondhandmall - getIndexProduct error in productService error: Error: No Living connections
[2018-06-09T16:43:35.091] [ERROR] secondhandmall - getIndexProduct error in productController: Error: No Living connections
[2018-06-09T16:44:48.536] [ERROR] secondhandmall - indexProduct error in productEs: Error: No Living connections
[2018-06-09T16:44:48.536] [ERROR] secondhandmall - getIndexProduct error in productService error: Error: No Living connections
[2018-06-09T16:44:48.536] [ERROR] secondhandmall - getIndexProduct error in productController: Error: No Living connections
[2018-06-09T16:50:26.776] [ERROR] secondhandmall - indexProduct error in productEs: Error: No Living connections
[2018-06-09T16:50:26.776] [ERROR] secondhandmall - getIndexProduct error in productService error: Error: No Living connections
[2018-06-09T16:50:26.776] [ERROR] secondhandmall - getIndexProduct error in productController: Error: No Living connections
[2018-06-09T16:51:23.169] [ERROR] secondhandmall - indexProduct error in productEs: Error: No Living connections
[2018-06-09T16:51:23.169] [ERROR] secondhandmall - getIndexProduct error in productService error: Error: No Living connections
[2018-06-09T16:51:23.169] [ERROR] secondhandmall - getIndexProduct error in productController: Error: No Living connections
[2018-06-09T16:52:01.172] [ERROR] secondhandmall - indexProduct error in productEs: Error: No Living connections
[2018-06-09T16:52:01.172] [ERROR] secondhandmall - getIndexProduct error in productService error: Error: No Living connections
[2018-06-09T16:52:01.172] [ERROR] secondhandmall - getIndexProduct error in productController: Error: No Living connections
[2018-06-09T16:54:27.005] [ERROR] secondhandmall - indexProduct error in productEs: Error: No Living connections
[2018-06-09T16:54:27.005] [ERROR] secondhandmall - getIndexProduct error in productService error: Error: No Living connections
[2018-06-09T16:54:27.005] [ERROR] secondhandmall - getIndexProduct error in productController: Error: No Living connections
[2018-06-09T16:54:58.466] [ERROR] secondhandmall - indexProduct error in productEs: Error: No Living connections
[2018-06-09T16:54:58.466] [ERROR] secondhandmall - getIndexProduct error in productService error: Error: No Living connections
[2018-06-09T16:54:58.466] [ERROR] secondhandmall - getIndexProduct error in productController: Error: No Living connections
[2018-06-09T16:55:36.409] [ERROR] secondhandmall - indexProduct error in productEs: Error: No Living connections
[2018-06-09T16:55:36.409] [ERROR] secondhandmall - getIndexProduct error in productService error: Error: No Living connections
[2018-06-09T16:55:36.410] [ERROR] secondhandmall - getIndexProduct error in productController: Error: No Living connections
[2018-06-09T16:55:42.792] [ERROR] secondhandmall - indexProduct error in productEs: Error: No Living connections
[2018-06-09T16:55:42.792] [ERROR] secondhandmall - getIndexProduct error in productService error: Error: No Living connections
[2018-06-09T16:55:42.792] [ERROR] secondhandmall - getIndexProduct error in productController: Error: No Living connections
